<?xml version="1.0" encoding="UTF-8"?>
<testsuites name="jest tests" tests="20" failures="0" errors="0" time="2.265">
  <testsuite name="Building Model" errors="0" failures="0" skipped="0" timestamp="2025-02-11T21:02:28" time="0.677" tests="1">
    <testcase classname="Building Model should have a valid test case" name="Building Model should have a valid test case" time="0.005">
    </testcase>
  </testsuite>
  <testsuite name="ThemedText Component" errors="0" failures="0" skipped="0" timestamp="2025-02-11T21:02:28" time="0.911" tests="7">
    <testcase classname="ThemedText Component renders correctly with default type" name="ThemedText Component renders correctly with default type" time="0.091">
    </testcase>
    <testcase classname="ThemedText Component renders correctly with title type" name="ThemedText Component renders correctly with title type" time="0.001">
    </testcase>
    <testcase classname="ThemedText Component renders correctly with defaultSemiBold type" name="ThemedText Component renders correctly with defaultSemiBold type" time="0.002">
    </testcase>
    <testcase classname="ThemedText Component renders correctly with subtitle type" name="ThemedText Component renders correctly with subtitle type" time="0.001">
    </testcase>
    <testcase classname="ThemedText Component renders correctly with link type" name="ThemedText Component renders correctly with link type" time="0.001">
    </testcase>
    <testcase classname="ThemedText Component applies custom styles correctly" name="ThemedText Component applies custom styles correctly" time="0">
    </testcase>
    <testcase classname="ThemedText Component uses custom light and dark colors" name="ThemedText Component uses custom light and dark colors" time="0.001">
    </testcase>
  </testsuite>
  <testsuite name="Loader Component" errors="0" failures="0" skipped="0" timestamp="2025-02-11T21:02:28" time="1.085" tests="2">
    <testcase classname="Loader Component does not render when isLoading is false" name="Loader Component does not render when isLoading is false" time="0.044">
    </testcase>
    <testcase classname="Loader Component renders correctly when isLoading is true" name="Loader Component renders correctly when isLoading is true" time="0.089">
    </testcase>
  </testsuite>
  <testsuite name="ThemedView Component" errors="0" failures="0" skipped="0" timestamp="2025-02-11T21:02:28" time="1.081" tests="3">
    <testcase classname="ThemedView Component renders with default background color" name="ThemedView Component renders with default background color" time="0.132">
    </testcase>
    <testcase classname="ThemedView Component applies light and dark colors correctly" name="ThemedView Component applies light and dark colors correctly" time="0.004">
    </testcase>
    <testcase classname="ThemedView Component combines custom styles with background color" name="ThemedView Component combines custom styles with background color" time="0.002">
    </testcase>
  </testsuite>
  <testsuite name="FindBuilding Component" errors="0" failures="0" skipped="0" timestamp="2025-02-11T21:02:28" time="1.134" tests="1">
    <testcase classname="FindBuilding Component renders correctly" name="FindBuilding Component renders correctly" time="0.096">
    </testcase>
  </testsuite>
  <testsuite name="ClassSchedule Component" errors="0" failures="0" skipped="0" timestamp="2025-02-11T21:02:28" time="1.136" tests="1">
    <testcase classname="ClassSchedule Component renders correctly" name="ClassSchedule Component renders correctly" time="0.084">
    </testcase>
  </testsuite>
  <testsuite name="Home Component" errors="0" failures="0" skipped="0" timestamp="2025-02-11T21:02:28" time="1.168" tests="1">
    <testcase classname="Home Component renders correctly" name="Home Component renders correctly" time="0.078">
    </testcase>
  </testsuite>
  <testsuite name="CampusSwitcher Component" errors="0" failures="0" skipped="0" timestamp="2025-02-11T21:02:28" time="1.398" tests="4">
    <testcase classname="CampusSwitcher Component renders CampusSwitcher correctly with SGW Campus" name="CampusSwitcher Component renders CampusSwitcher correctly with SGW Campus" time="0.274">
    </testcase>
    <testcase classname="CampusSwitcher Component switches between SGW and Loyola Campus" name="CampusSwitcher Component switches between SGW and Loyola Campus" time="0.019">
    </testcase>
    <testcase classname="CampusSwitcher Component updates the map region when the campus changes" name="CampusSwitcher Component updates the map region when the campus changes" time="0.006">
    </testcase>
    <testcase classname="CampusSwitcher Component requests and updates user location" name="CampusSwitcher Component requests and updates user location" time="0.005">
    </testcase>
  </testsuite>
</testsuites>