<?xml version="1.0" encoding="UTF-8"?>
<testsuites name="jest tests" tests="4" failures="0" errors="0" time="1.333">
  <testsuite name="ThemedView Component" errors="0" failures="0" skipped="0" timestamp="2025-02-09T04:05:26" time="0.756" tests="3">
    <testcase classname="ThemedView Component renders with default background color" name="ThemedView Component renders with default background color" time="0.093">
    </testcase>
    <testcase classname="ThemedView Component applies light and dark colors correctly" name="ThemedView Component applies light and dark colors correctly" time="0.009">
    </testcase>
    <testcase classname="ThemedView Component combines custom styles with background color" name="ThemedView Component combines custom styles with background color" time="0.003">
    </testcase>
  </testsuite>
  <testsuite name="ThemedText Component" errors="0" failures="0" skipped="0" timestamp="2025-02-09T04:05:27" time="0.255" tests="1">
    <testcase classname="ThemedText Component renders correctly" name="ThemedText Component renders correctly" time="0.059">
    </testcase>
  </testsuite>
</testsuites>