<?xml version="1.0" encoding="UTF-8"?>
<testsuites name="jest tests" tests="13" failures="0" errors="0" time="6.74">
  <testsuite name="Basic Math Test" errors="0" failures="0" skipped="0" timestamp="2025-02-09T20:36:08" time="2.157" tests="1">
    <testcase classname="Basic Math Test adds 1 + 1 to equal 2" name="Basic Math Test adds 1 + 1 to equal 2" time="0.023">
    </testcase>
  </testsuite>
  <testsuite name="ThemedText Component" errors="0" failures="0" skipped="0" timestamp="2025-02-09T20:36:08" time="2.836" tests="1">
    <testcase classname="ThemedText Component renders correctly" name="ThemedText Component renders correctly" time="0.29">
    </testcase>
  </testsuite>
  <testsuite name="Loader Component" errors="0" failures="0" skipped="0" timestamp="2025-02-09T20:36:08" time="3.301" tests="2">
    <testcase classname="Loader Component does not render when isLoading is false" name="Loader Component does not render when isLoading is false" time="0.128">
    </testcase>
    <testcase classname="Loader Component renders correctly when isLoading is true" name="Loader Component renders correctly when isLoading is true" time="0.257">
    </testcase>
  </testsuite>
  <testsuite name="ThemedView Component" errors="0" failures="0" skipped="0" timestamp="2025-02-09T20:36:08" time="3.32" tests="3">
    <testcase classname="ThemedView Component renders with default background color" name="ThemedView Component renders with default background color" time="0.391">
    </testcase>
    <testcase classname="ThemedView Component applies light and dark colors correctly" name="ThemedView Component applies light and dark colors correctly" time="0.007">
    </testcase>
    <testcase classname="ThemedView Component combines custom styles with background color" name="ThemedView Component combines custom styles with background color" time="0.007">
    </testcase>
  </testsuite>
  <testsuite name="ClassSchedule Component" errors="0" failures="0" skipped="0" timestamp="2025-02-09T20:36:08" time="3.658" tests="1">
    <testcase classname="ClassSchedule Component renders correctly" name="ClassSchedule Component renders correctly" time="0.336">
    </testcase>
  </testsuite>
  <testsuite name="Home Component" errors="0" failures="0" skipped="0" timestamp="2025-02-09T20:36:08" time="3.649" tests="1">
    <testcase classname="Home Component renders correctly" name="Home Component renders correctly" time="0.304">
    </testcase>
  </testsuite>
  <testsuite name="FindBuilding Component" errors="0" failures="0" skipped="0" timestamp="2025-02-09T20:36:08" time="3.62" tests="1">
    <testcase classname="FindBuilding Component renders correctly" name="FindBuilding Component renders correctly" time="0.256">
    </testcase>
  </testsuite>
  <testsuite name="CampusSwitcher Component" errors="0" failures="0" skipped="0" timestamp="2025-02-09T20:36:08" time="3.781" tests="3">
    <testcase classname="CampusSwitcher Component starts with SGW Campus selected" name="CampusSwitcher Component starts with SGW Campus selected" time="0.32">
    </testcase>
    <testcase classname="CampusSwitcher Component switches between SGW and Loyola Campus" name="CampusSwitcher Component switches between SGW and Loyola Campus" time="0.018">
    </testcase>
    <testcase classname="CampusSwitcher Component updates the map region when the campus changes" name="CampusSwitcher Component updates the map region when the campus changes" time="0.029">
    </testcase>
  </testsuite>
</testsuites>