<?xml version="1.0" encoding="UTF-8"?>
<testsuites name="jest tests" tests="4" failures="0" errors="0" time="3.394">
  <testsuite name="ThemedText Component" errors="0" failures="0" skipped="0" timestamp="2025-02-09T15:52:06" time="1.378" tests="1">
    <testcase classname="ThemedText Component renders correctly" name="ThemedText Component renders correctly" time="0.147">
    </testcase>
  </testsuite>
  <testsuite name="ThemedView Component" errors="0" failures="0" skipped="0" timestamp="2025-02-09T15:52:06" time="1.6" tests="3">
    <testcase classname="ThemedView Component renders with default background color" name="ThemedView Component renders with default background color" time="0.213">
    </testcase>
    <testcase classname="ThemedView Component applies light and dark colors correctly" name="ThemedView Component applies light and dark colors correctly" time="0.004">
    </testcase>
    <testcase classname="ThemedView Component combines custom styles with background color" name="ThemedView Component combines custom styles with background color" time="0.004">
    </testcase>
  </testsuite>
</testsuites>